<?xml version="1.0" encoding="UTF-8"?>
<coverage generated="1770739895993" clover="3.2.0">
  <project timestamp="1770739895994" name="All files">
    <metrics statements="44" coveredstatements="44" conditionals="11" coveredconditionals="10" methods="17" coveredmethods="17" elements="72" coveredelements="71" complexity="0" loc="44" ncloc="44" packages="11" files="18" classes="18"/>
    <package name="apis">
      <metrics statements="2" coveredstatements="2" conditionals="2" coveredconditionals="1" methods="0" coveredmethods="0"/>
      <file name="http.ts" path="C:\xd\copia\Chatbot-Total\chatbot-web\src\apis\http.ts">
        <metrics statements="2" coveredstatements="2" conditionals="2" coveredconditionals="1" methods="0" coveredmethods="0"/>
        <line num="3" count="2" type="cond" truecount="1" falsecount="1"/>
        <line num="5" count="2" type="stmt"/>
      </file>
    </package>
    <package name="components.atoms.Button">
      <metrics statements="2" coveredstatements="2" conditionals="1" coveredconditionals="1" methods="1" coveredmethods="1"/>
      <file name="Button.tsx" path="C:\xd\copia\Chatbot-Total\chatbot-web\src\components\atoms\Button\Button.tsx">
        <metrics statements="2" coveredstatements="2" conditionals="1" coveredconditionals="1" methods="1" coveredmethods="1"/>
        <line num="10" count="4" type="cond" truecount="1" falsecount="0"/>
        <line num="11" count="19" type="stmt"/>
      </file>
      <file name="button.module.css" path="C:\xd\copia\Chatbot-Total\chatbot-web\src\components\atoms\Button\button.module.css">
        <metrics statements="0" coveredstatements="0" conditionals="0" coveredconditionals="0" methods="0" coveredmethods="0"/>
      </file>
    </package>
    <package name="components.atoms.Input">
      <metrics statements="3" coveredstatements="3" conditionals="1" coveredconditionals="1" methods="2" coveredmethods="2"/>
      <file name="Input.tsx" path="C:\xd\copia\Chatbot-Total\chatbot-web\src\components\atoms\Input\Input.tsx">
        <metrics statements="3" coveredstatements="3" conditionals="1" coveredconditionals="1" methods="2" coveredmethods="2"/>
        <line num="11" count="4" type="cond" truecount="1" falsecount="0"/>
        <line num="12" count="17" type="stmt"/>
        <line num="13" count="4" type="stmt"/>
      </file>
      <file name="input.module.css" path="C:\xd\copia\Chatbot-Total\chatbot-web\src\components\atoms\Input\input.module.css">
        <metrics statements="0" coveredstatements="0" conditionals="0" coveredconditionals="0" methods="0" coveredmethods="0"/>
      </file>
    </package>
    <package name="components.layout">
      <metrics statements="2" coveredstatements="2" conditionals="0" coveredconditionals="0" methods="1" coveredmethods="1"/>
      <file name="ChatLayout.tsx" path="C:\xd\copia\Chatbot-Total\chatbot-web\src\components\layout\ChatLayout.tsx">
        <metrics statements="2" coveredstatements="2" conditionals="0" coveredconditionals="0" methods="1" coveredmethods="1"/>
        <line num="8" count="2" type="stmt"/>
        <line num="9" count="12" type="stmt"/>
      </file>
      <file name="chatLayout.module.css" path="C:\xd\copia\Chatbot-Total\chatbot-web\src\components\layout\chatLayout.module.css">
        <metrics statements="0" coveredstatements="0" conditionals="0" coveredconditionals="0" methods="0" coveredmethods="0"/>
      </file>
    </package>
    <package name="components.molecules.ChatInput">
      <metrics statements="3" coveredstatements="3" conditionals="3" coveredconditionals="3" methods="2" coveredmethods="2"/>
      <file name="ChatInput.tsx" path="C:\xd\copia\Chatbot-Total\chatbot-web\src\components\molecules\ChatInput\ChatInput.tsx">
        <metrics statements="3" coveredstatements="3" conditionals="3" coveredconditionals="3" methods="2" coveredmethods="2"/>
        <line num="12" count="3" type="cond" truecount="1" falsecount="0"/>
        <line num="13" count="15" type="stmt"/>
        <line num="19" count="1" type="cond" truecount="2" falsecount="0"/>
      </file>
      <file name="chatInput.module.css" path="C:\xd\copia\Chatbot-Total\chatbot-web\src\components\molecules\ChatInput\chatInput.module.css">
        <metrics statements="0" coveredstatements="0" conditionals="0" coveredconditionals="0" methods="0" coveredmethods="0"/>
      </file>
    </package>
    <package name="components.molecules.MessageBubble">
      <metrics statements="2" coveredstatements="2" conditionals="0" coveredconditionals="0" methods="1" coveredmethods="1"/>
      <file name="MessageBubble.tsx" path="C:\xd\copia\Chatbot-Total\chatbot-web\src\components\molecules\MessageBubble\MessageBubble.tsx">
        <metrics statements="2" coveredstatements="2" conditionals="0" coveredconditionals="0" methods="1" coveredmethods="1"/>
        <line num="11" count="4" type="stmt"/>
        <line num="12" count="9" type="stmt"/>
      </file>
      <file name="messageBubble.module.css" path="C:\xd\copia\Chatbot-Total\chatbot-web\src\components\molecules\MessageBubble\messageBubble.module.css">
        <metrics statements="0" coveredstatements="0" conditionals="0" coveredconditionals="0" methods="0" coveredmethods="0"/>
      </file>
    </package>
    <package name="components.organisms.ChatBox">
      <metrics statements="2" coveredstatements="2" conditionals="0" coveredconditionals="0" methods="1" coveredmethods="1"/>
      <file name="ChatBox.tsx" path="C:\xd\copia\Chatbot-Total\chatbot-web\src\components\organisms\ChatBox\ChatBox.tsx">
        <metrics statements="2" coveredstatements="2" conditionals="0" coveredconditionals="0" methods="1" coveredmethods="1"/>
        <line num="12" count="2" type="stmt"/>
        <line num="18" count="12" type="stmt"/>
      </file>
      <file name="chatBox.module.css" path="C:\xd\copia\Chatbot-Total\chatbot-web\src\components\organisms\ChatBox\chatBox.module.css">
        <metrics statements="0" coveredstatements="0" conditionals="0" coveredconditionals="0" methods="0" coveredmethods="0"/>
      </file>
    </package>
    <package name="components.organisms.MessageList">
      <metrics statements="3" coveredstatements="3" conditionals="0" coveredconditionals="0" methods="2" coveredmethods="2"/>
      <file name="MessageList.tsx" path="C:\xd\copia\Chatbot-Total\chatbot-web\src\components\organisms\MessageList\MessageList.tsx">
        <metrics statements="3" coveredstatements="3" conditionals="0" coveredconditionals="0" methods="2" coveredmethods="2"/>
        <line num="14" count="3" type="stmt"/>
        <line num="15" count="12" type="stmt"/>
        <line num="18" count="7" type="stmt"/>
      </file>
      <file name="messageList.module.css" path="C:\xd\copia\Chatbot-Total\chatbot-web\src\components\organisms\MessageList\messageList.module.css">
        <metrics statements="0" coveredstatements="0" conditionals="0" coveredconditionals="0" methods="0" coveredmethods="0"/>
      </file>
    </package>
    <package name="components.pages">
      <metrics statements="16" coveredstatements="16" conditionals="2" coveredconditionals="2" methods="5" coveredmethods="5"/>
      <file name="ChatPage.tsx" path="C:\xd\copia\Chatbot-Total\chatbot-web\src\components\pages\ChatPage.tsx">
        <metrics statements="16" coveredstatements="16" conditionals="2" coveredconditionals="2" methods="5" coveredmethods="5"/>
        <line num="8" count="1" type="stmt"/>
        <line num="9" count="11" type="stmt"/>
        <line num="10" count="11" type="stmt"/>
        <line num="12" count="11" type="stmt"/>
        <line num="14" count="11" type="stmt"/>
        <line num="15" count="3" type="cond" truecount="2" falsecount="0"/>
        <line num="17" count="2" type="stmt"/>
        <line num="23" count="2" type="stmt"/>
        <line num="24" count="2" type="stmt"/>
        <line num="26" count="2" type="stmt"/>
        <line num="27" count="2" type="stmt"/>
        <line num="32" count="1" type="stmt"/>
        <line num="37" count="1" type="stmt"/>
        <line num="38" count="1" type="stmt"/>
        <line num="40" count="1" type="stmt"/>
        <line num="51" count="11" type="stmt"/>
      </file>
    </package>
    <package name="services">
      <metrics statements="3" coveredstatements="3" conditionals="0" coveredconditionals="0" methods="1" coveredmethods="1"/>
      <file name="chat.service.ts" path="C:\xd\copia\Chatbot-Total\chatbot-web\src\services\chat.service.ts">
        <metrics statements="3" coveredstatements="3" conditionals="0" coveredconditionals="0" methods="1" coveredmethods="1"/>
        <line num="13" count="1" type="stmt"/>
        <line num="14" count="1" type="stmt"/>
        <line num="16" count="1" type="stmt"/>
      </file>
    </package>
    <package name="utils">
      <metrics statements="6" coveredstatements="6" conditionals="2" coveredconditionals="2" methods="1" coveredmethods="1"/>
      <file name="user.ts" path="C:\xd\copia\Chatbot-Total\chatbot-web\src\utils\user.ts">
        <metrics statements="6" coveredstatements="6" conditionals="2" coveredconditionals="2" methods="1" coveredmethods="1"/>
        <line num="1" count="1" type="stmt"/>
        <line num="2" count="2" type="stmt"/>
        <line num="4" count="2" type="cond" truecount="2" falsecount="0"/>
        <line num="6" count="1" type="stmt"/>
        <line num="7" count="1" type="stmt"/>
        <line num="9" count="1" type="stmt"/>
      </file>
    </package>
  </project>
</coverage>
