{"C:\\xd\\copia\\Chatbot-Total\\chatbot-web\\src\\apis\\http.ts": {"path":"C:\\xd\\copia\\Chatbot-Total\\chatbot-web\\src\\apis\\http.ts","statementMap":{"0":{"start":{"line":3,"column":18},"end":{"line":3,"column":null}},"1":{"start":{"line":5,"column":20},"end":{"line":10,"column":null}}},"fnMap":{},"branchMap":{"0":{"loc":{"start":{"line":3,"column":18},"end":{"line":3,"column":null}},"type":"binary-expr","locations":[{"start":{"line":3,"column":18},"end":{"line":3,"column":55}},{"start":{"line":3,"column":55},"end":{"line":3,"column":null}}],"line":3}},"s":{"0":2,"1":2},"f":{},"b":{"0":[2,0]},"meta":{"lastBranch":1,"lastFunction":0,"lastStatement":2,"seen":{"s:3:18:3:Infinity":0,"b:3:18:3:55:3:55:3:Infinity":0,"s:5:20:10:Infinity":1}}}
,"C:\\xd\\copia\\Chatbot-Total\\chatbot-web\\src\\components\\atoms\\Button\\Button.tsx": {"path":"C:\\xd\\copia\\Chatbot-Total\\chatbot-web\\src\\components\\atoms\\Button\\Button.tsx","statementMap":{"0":{"start":{"line":10,"column":13},"end":{"line":14,"column":null}},"1":{"start":{"line":11,"column":4},"end":{"line":12,"column":null}}},"fnMap":{"0":{"name":"(anonymous_0)","decl":{"start":{"line":10,"column":13},"end":{"line":10,"column":14}},"loc":{"start":{"line":10,"column":73},"end":{"line":14,"column":null}},"line":10}},"branchMap":{"0":{"loc":{"start":{"line":10,"column":39},"end":{"line":10,"column":54}},"type":"default-arg","locations":[{"start":{"line":10,"column":46},"end":{"line":10,"column":54}}],"line":10}},"s":{"0":4,"1":19},"f":{"0":19},"b":{"0":[19]},"meta":{"lastBranch":1,"lastFunction":1,"lastStatement":2,"seen":{"s:10:13:14:Infinity":0,"f:10:13:10:14":0,"b:10:46:10:54":0,"s:11:4:12:Infinity":1}}}
,"C:\\xd\\copia\\Chatbot-Total\\chatbot-web\\src\\components\\atoms\\Button\\button.module.css": {"path":"C:\\xd\\copia\\Chatbot-Total\\chatbot-web\\src\\components\\atoms\\Button\\button.module.css","statementMap":{},"fnMap":{},"branchMap":{},"s":{},"f":{},"b":{},"meta":{"lastBranch":0,"lastFunction":0,"lastStatement":0,"seen":{}}}
,"C:\\xd\\copia\\Chatbot-Total\\chatbot-web\\src\\components\\atoms\\Input\\Input.tsx": {"path":"C:\\xd\\copia\\Chatbot-Total\\chatbot-web\\src\\components\\atoms\\Input\\Input.tsx","statementMap":{"0":{"start":{"line":11,"column":14},"end":{"line":15,"column":null}},"1":{"start":{"line":12,"column":4},"end":{"line":13,"column":null}},"2":{"start":{"line":13,"column":107},"end":{"line":13,"column":133}}},"fnMap":{"0":{"name":"(anonymous_0)","decl":{"start":{"line":11,"column":14},"end":{"line":11,"column":15}},"loc":{"start":{"line":11,"column":90},"end":{"line":15,"column":null}},"line":11},"1":{"name":"(anonymous_1)","decl":{"start":{"line":13,"column":102},"end":{"line":13,"column":107}},"loc":{"start":{"line":13,"column":107},"end":{"line":13,"column":133}},"line":13}},"branchMap":{"0":{"loc":{"start":{"line":11,"column":47},"end":{"line":11,"column":62}},"type":"default-arg","locations":[{"start":{"line":11,"column":54},"end":{"line":11,"column":62}}],"line":11}},"s":{"0":4,"1":17,"2":4},"f":{"0":17,"1":4},"b":{"0":[17]},"meta":{"lastBranch":1,"lastFunction":2,"lastStatement":3,"seen":{"s:11:14:15:Infinity":0,"f:11:14:11:15":0,"b:11:54:11:62":0,"s:12:4:13:Infinity":1,"f:13:102:13:107":1,"s:13:107:13:133":2}}}
,"C:\\xd\\copia\\Chatbot-Total\\chatbot-web\\src\\components\\atoms\\Input\\input.module.css": {"path":"C:\\xd\\copia\\Chatbot-Total\\chatbot-web\\src\\components\\atoms\\Input\\input.module.css","statementMap":{},"fnMap":{},"branchMap":{},"s":{},"f":{},"b":{},"meta":{"lastBranch":0,"lastFunction":0,"lastStatement":0,"seen":{}}}
,"C:\\xd\\copia\\Chatbot-Total\\chatbot-web\\src\\components\\layout\\ChatLayout.tsx": {"path":"C:\\xd\\copia\\Chatbot-Total\\chatbot-web\\src\\components\\layout\\ChatLayout.tsx","statementMap":{"0":{"start":{"line":8,"column":19},"end":{"line":14,"column":null}},"1":{"start":{"line":9,"column":2},"end":{"line":12,"column":null}}},"fnMap":{"0":{"name":"(anonymous_0)","decl":{"start":{"line":8,"column":19},"end":{"line":8,"column":20}},"loc":{"start":{"line":8,"column":54},"end":{"line":14,"column":null}},"line":8}},"branchMap":{},"s":{"0":2,"1":12},"f":{"0":12},"b":{},"meta":{"lastBranch":0,"lastFunction":1,"lastStatement":2,"seen":{"s:8:19:14:Infinity":0,"f:8:19:8:20":0,"s:9:2:12:Infinity":1}}}
,"C:\\xd\\copia\\Chatbot-Total\\chatbot-web\\src\\components\\layout\\chatLayout.module.css": {"path":"C:\\xd\\copia\\Chatbot-Total\\chatbot-web\\src\\components\\layout\\chatLayout.module.css","statementMap":{},"fnMap":{},"branchMap":{},"s":{},"f":{},"b":{},"meta":{"lastBranch":0,"lastFunction":0,"lastStatement":0,"seen":{}}}
,"C:\\xd\\copia\\Chatbot-Total\\chatbot-web\\src\\components\\molecules\\ChatInput\\ChatInput.tsx": {"path":"C:\\xd\\copia\\Chatbot-Total\\chatbot-web\\src\\components\\molecules\\ChatInput\\ChatInput.tsx","statementMap":{"0":{"start":{"line":12,"column":18},"end":{"line":24,"column":null}},"1":{"start":{"line":13,"column":4},"end":{"line":22,"column":null}},"2":{"start":{"line":19,"column":32},"end":{"line":19,"column":null}}},"fnMap":{"0":{"name":"(anonymous_0)","decl":{"start":{"line":12,"column":18},"end":{"line":12,"column":19}},"loc":{"start":{"line":12,"column":106},"end":{"line":24,"column":null}},"line":12},"1":{"name":"(anonymous_1)","decl":{"start":{"line":19,"column":27},"end":{"line":19,"column":32}},"loc":{"start":{"line":19,"column":32},"end":{"line":19,"column":null}},"line":19}},"branchMap":{"0":{"loc":{"start":{"line":12,"column":28},"end":{"line":12,"column":67}},"type":"default-arg","locations":[{"start":{"line":12,"column":42},"end":{"line":12,"column":67}}],"line":12},"1":{"loc":{"start":{"line":19,"column":32},"end":{"line":19,"column":null}},"type":"binary-expr","locations":[{"start":{"line":19,"column":32},"end":{"line":19,"column":53}},{"start":{"line":19,"column":53},"end":{"line":19,"column":null}}],"line":19}},"s":{"0":3,"1":15,"2":1},"f":{"0":15,"1":1},"b":{"0":[15],"1":[1,1]},"meta":{"lastBranch":2,"lastFunction":2,"lastStatement":3,"seen":{"s:12:18:24:Infinity":0,"f:12:18:12:19":0,"b:12:42:12:67":0,"s:13:4:22:Infinity":1,"f:19:27:19:32":1,"s:19:32:19:Infinity":2,"b:19:32:19:53:19:53:19:Infinity":1}}}
,"C:\\xd\\copia\\Chatbot-Total\\chatbot-web\\src\\components\\molecules\\ChatInput\\chatInput.module.css": {"path":"C:\\xd\\copia\\Chatbot-Total\\chatbot-web\\src\\components\\molecules\\ChatInput\\chatInput.module.css","statementMap":{},"fnMap":{},"branchMap":{},"s":{},"f":{},"b":{},"meta":{"lastBranch":0,"lastFunction":0,"lastStatement":0,"seen":{}}}
,"C:\\xd\\copia\\Chatbot-Total\\chatbot-web\\src\\components\\molecules\\MessageBubble\\MessageBubble.tsx": {"path":"C:\\xd\\copia\\Chatbot-Total\\chatbot-web\\src\\components\\molecules\\MessageBubble\\MessageBubble.tsx","statementMap":{"0":{"start":{"line":11,"column":22},"end":{"line":17,"column":null}},"1":{"start":{"line":12,"column":4},"end":{"line":15,"column":null}}},"fnMap":{"0":{"name":"(anonymous_0)","decl":{"start":{"line":11,"column":22},"end":{"line":11,"column":23}},"loc":{"start":{"line":11,"column":64},"end":{"line":17,"column":null}},"line":11}},"branchMap":{},"s":{"0":4,"1":9},"f":{"0":9},"b":{},"meta":{"lastBranch":0,"lastFunction":1,"lastStatement":2,"seen":{"s:11:22:17:Infinity":0,"f:11:22:11:23":0,"s:12:4:15:Infinity":1}}}
,"C:\\xd\\copia\\Chatbot-Total\\chatbot-web\\src\\components\\molecules\\MessageBubble\\messageBubble.module.css": {"path":"C:\\xd\\copia\\Chatbot-Total\\chatbot-web\\src\\components\\molecules\\MessageBubble\\messageBubble.module.css","statementMap":{},"fnMap":{},"branchMap":{},"s":{},"f":{},"b":{},"meta":{"lastBranch":0,"lastFunction":0,"lastStatement":0,"seen":{}}}
,"C:\\xd\\copia\\Chatbot-Total\\chatbot-web\\src\\components\\organisms\\ChatBox\\ChatBox.tsx": {"path":"C:\\xd\\copia\\Chatbot-Total\\chatbot-web\\src\\components\\organisms\\ChatBox\\ChatBox.tsx","statementMap":{"0":{"start":{"line":12,"column":16},"end":{"line":28,"column":null}},"1":{"start":{"line":18,"column":2},"end":{"line":26,"column":null}}},"fnMap":{"0":{"name":"(anonymous_0)","decl":{"start":{"line":12,"column":16},"end":{"line":12,"column":17}},"loc":{"start":{"line":17,"column":20},"end":{"line":28,"column":null}},"line":17}},"branchMap":{},"s":{"0":2,"1":12},"f":{"0":12},"b":{},"meta":{"lastBranch":0,"lastFunction":1,"lastStatement":2,"seen":{"s:12:16:28:Infinity":0,"f:12:16:12:17":0,"s:18:2:26:Infinity":1}}}
,"C:\\xd\\copia\\Chatbot-Total\\chatbot-web\\src\\components\\organisms\\ChatBox\\chatBox.module.css": {"path":"C:\\xd\\copia\\Chatbot-Total\\chatbot-web\\src\\components\\organisms\\ChatBox\\chatBox.module.css","statementMap":{},"fnMap":{},"branchMap":{},"s":{},"f":{},"b":{},"meta":{"lastBranch":0,"lastFunction":0,"lastStatement":0,"seen":{}}}
,"C:\\xd\\copia\\Chatbot-Total\\chatbot-web\\src\\components\\organisms\\MessageList\\MessageList.tsx": {"path":"C:\\xd\\copia\\Chatbot-Total\\chatbot-web\\src\\components\\organisms\\MessageList\\MessageList.tsx","statementMap":{"0":{"start":{"line":14,"column":20},"end":{"line":26,"column":null}},"1":{"start":{"line":15,"column":4},"end":{"line":24,"column":null}},"2":{"start":{"line":18,"column":16},"end":{"line":22,"column":null}}},"fnMap":{"0":{"name":"(anonymous_0)","decl":{"start":{"line":14,"column":20},"end":{"line":14,"column":21}},"loc":{"start":{"line":14,"column":56},"end":{"line":26,"column":null}},"line":14},"1":{"name":"(anonymous_1)","decl":{"start":{"line":17,"column":26},"end":{"line":17,"column":null}},"loc":{"start":{"line":18,"column":16},"end":{"line":22,"column":null}},"line":18}},"branchMap":{},"s":{"0":3,"1":12,"2":7},"f":{"0":12,"1":7},"b":{},"meta":{"lastBranch":0,"lastFunction":2,"lastStatement":3,"seen":{"s:14:20:26:Infinity":0,"f:14:20:14:21":0,"s:15:4:24:Infinity":1,"f:17:26:17:Infinity":1,"s:18:16:22:Infinity":2}}}
,"C:\\xd\\copia\\Chatbot-Total\\chatbot-web\\src\\components\\organisms\\MessageList\\messageList.module.css": {"path":"C:\\xd\\copia\\Chatbot-Total\\chatbot-web\\src\\components\\organisms\\MessageList\\messageList.module.css","statementMap":{},"fnMap":{},"branchMap":{},"s":{},"f":{},"b":{},"meta":{"lastBranch":0,"lastFunction":0,"lastStatement":0,"seen":{}}}
,"C:\\xd\\copia\\Chatbot-Total\\chatbot-web\\src\\components\\pages\\ChatPage.tsx": {"path":"C:\\xd\\copia\\Chatbot-Total\\chatbot-web\\src\\components\\pages\\ChatPage.tsx","statementMap":{"0":{"start":{"line":8,"column":17},"end":{"line":61,"column":null}},"1":{"start":{"line":9,"column":28},"end":{"line":9,"column":null}},"2":{"start":{"line":10,"column":30},"end":{"line":10,"column":null}},"3":{"start":{"line":12,"column":8},"end":{"line":12,"column":null}},"4":{"start":{"line":14,"column":21},"end":{"line":49,"column":null}},"5":{"start":{"line":15,"column":4},"end":{"line":15,"column":null}},"6":{"start":{"line":15,"column":25},"end":{"line":15,"column":null}},"7":{"start":{"line":17,"column":33},"end":{"line":21,"column":null}},"8":{"start":{"line":23,"column":4},"end":{"line":23,"column":null}},"9":{"start":{"line":23,"column":24},"end":{"line":23,"column":46}},"10":{"start":{"line":24,"column":4},"end":{"line":24,"column":null}},"11":{"start":{"line":26,"column":4},"end":{"line":48,"column":null}},"12":{"start":{"line":27,"column":23},"end":{"line":30,"column":null}},"13":{"start":{"line":32,"column":34},"end":{"line":36,"column":null}},"14":{"start":{"line":37,"column":6},"end":{"line":37,"column":null}},"15":{"start":{"line":38,"column":6},"end":{"line":38,"column":null}},"16":{"start":{"line":38,"column":26},"end":{"line":38,"column":47}},"17":{"start":{"line":40,"column":6},"end":{"line":47,"column":null}},"18":{"start":{"line":40,"column":26},"end":{"line":47,"column":7}},"19":{"start":{"line":51,"column":2},"end":{"line":59,"column":null}}},"fnMap":{"0":{"name":"(anonymous_0)","decl":{"start":{"line":8,"column":17},"end":{"line":8,"column":23}},"loc":{"start":{"line":8,"column":23},"end":{"line":61,"column":null}},"line":8},"1":{"name":"(anonymous_1)","decl":{"start":{"line":14,"column":21},"end":{"line":14,"column":33}},"loc":{"start":{"line":14,"column":33},"end":{"line":49,"column":null}},"line":14},"2":{"name":"(anonymous_2)","decl":{"start":{"line":23,"column":16},"end":{"line":23,"column":24}},"loc":{"start":{"line":23,"column":24},"end":{"line":23,"column":46}},"line":23},"3":{"name":"(anonymous_3)","decl":{"start":{"line":38,"column":18},"end":{"line":38,"column":26}},"loc":{"start":{"line":38,"column":26},"end":{"line":38,"column":47}},"line":38},"4":{"name":"(anonymous_4)","decl":{"start":{"line":40,"column":18},"end":{"line":40,"column":26}},"loc":{"start":{"line":40,"column":26},"end":{"line":47,"column":7}},"line":40}},"branchMap":{"0":{"loc":{"start":{"line":15,"column":4},"end":{"line":15,"column":null}},"type":"if","locations":[{"start":{"line":15,"column":4},"end":{"line":15,"column":null}},{"start":{},"end":{}}],"line":15}},"s":{"0":1,"1":11,"2":11,"3":11,"4":11,"5":3,"6":1,"7":2,"8":2,"9":2,"10":2,"11":2,"12":2,"13":1,"14":1,"15":1,"16":1,"17":1,"18":1,"19":11},"f":{"0":11,"1":3,"2":2,"3":1,"4":1},"b":{"0":[1,2]},"meta":{"lastBranch":1,"lastFunction":5,"lastStatement":20,"seen":{"s:8:17:61:Infinity":0,"f:8:17:8:23":0,"s:9:28:9:Infinity":1,"s:10:30:10:Infinity":2,"s:12:8:12:Infinity":3,"s:14:21:49:Infinity":4,"f:14:21:14:33":1,"b:15:4:15:Infinity:undefined:undefined:undefined:undefined":0,"s:15:4:15:Infinity":5,"s:15:25:15:Infinity":6,"s:17:33:21:Infinity":7,"s:23:4:23:Infinity":8,"f:23:16:23:24":2,"s:23:24:23:46":9,"s:24:4:24:Infinity":10,"s:26:4:48:Infinity":11,"s:27:23:30:Infinity":12,"s:32:34:36:Infinity":13,"s:37:6:37:Infinity":14,"s:38:6:38:Infinity":15,"f:38:18:38:26":3,"s:38:26:38:47":16,"s:40:6:47:Infinity":17,"f:40:18:40:26":4,"s:40:26:47:7":18,"s:51:2:59:Infinity":19}}}
,"C:\\xd\\copia\\Chatbot-Total\\chatbot-web\\src\\services\\chat.service.ts": {"path":"C:\\xd\\copia\\Chatbot-Total\\chatbot-web\\src\\services\\chat.service.ts","statementMap":{"0":{"start":{"line":13,"column":28},"end":{"line":17,"column":null}},"1":{"start":{"line":14,"column":19},"end":{"line":14,"column":null}},"2":{"start":{"line":16,"column":4},"end":{"line":16,"column":null}}},"fnMap":{"0":{"name":"(anonymous_0)","decl":{"start":{"line":13,"column":28},"end":{"line":13,"column":35}},"loc":{"start":{"line":13,"column":60},"end":{"line":17,"column":null}},"line":13}},"branchMap":{},"s":{"0":1,"1":1,"2":1},"f":{"0":1},"b":{},"meta":{"lastBranch":0,"lastFunction":1,"lastStatement":3,"seen":{"s:13:28:17:Infinity":0,"f:13:28:13:35":0,"s:14:19:14:Infinity":1,"s:16:4:16:Infinity":2}}}
,"C:\\xd\\copia\\Chatbot-Total\\chatbot-web\\src\\utils\\user.ts": {"path":"C:\\xd\\copia\\Chatbot-Total\\chatbot-web\\src\\utils\\user.ts","statementMap":{"0":{"start":{"line":1,"column":25},"end":{"line":10,"column":null}},"1":{"start":{"line":2,"column":19},"end":{"line":2,"column":null}},"2":{"start":{"line":4,"column":2},"end":{"line":4,"column":null}},"3":{"start":{"line":4,"column":16},"end":{"line":4,"column":null}},"4":{"start":{"line":6,"column":16},"end":{"line":6,"column":null}},"5":{"start":{"line":7,"column":2},"end":{"line":7,"column":null}},"6":{"start":{"line":9,"column":2},"end":{"line":9,"column":null}}},"fnMap":{"0":{"name":"(anonymous_0)","decl":{"start":{"line":1,"column":25},"end":{"line":1,"column":39}},"loc":{"start":{"line":1,"column":39},"end":{"line":10,"column":null}},"line":1}},"branchMap":{"0":{"loc":{"start":{"line":4,"column":2},"end":{"line":4,"column":null}},"type":"if","locations":[{"start":{"line":4,"column":2},"end":{"line":4,"column":null}},{"start":{},"end":{}}],"line":4}},"s":{"0":1,"1":2,"2":2,"3":1,"4":1,"5":1,"6":1},"f":{"0":2},"b":{"0":[1,1]},"meta":{"lastBranch":1,"lastFunction":1,"lastStatement":7,"seen":{"s:1:25:10:Infinity":0,"f:1:25:1:39":0,"s:2:19:2:Infinity":1,"b:4:2:4:Infinity:undefined:undefined:undefined:undefined":0,"s:4:2:4:Infinity":2,"s:4:16:4:Infinity":3,"s:6:16:6:Infinity":4,"s:7:2:7:Infinity":5,"s:9:2:9:Infinity":6}}}
}
